<?xml version="1.0" encoding="UTF-8"?>
<!-- Generated by org.testng.reporters.JUnitReportReporter -->
<testsuite hostname="ASDP1534PO01976" name="com.qainfotech.com.Baisc_course.AppTest" tests="1" failures="0" timestamp="10 Jul 2018 11:55:29 GMT" time="0.001" errors="0">
  <testcase name="testApp" time="0.001" classname="com.qainfotech.com.Baisc_course.AppTest"/>
</testsuite> <!-- com.qainfotech.com.Baisc_course.AppTest -->
